#
# There is insufficient memory for the Java Runtime Environment to continue.
# Native memory allocation (mmap) failed to map 67108864 bytes for G1 virtual space
# Possible reasons:
#   The system is out of physical RAM or swap space
#   The process is running with CompressedOops enabled, and the Java Heap may be blocking the growth of the native heap
# Possible solutions:
#   Reduce memory load on the system
#   Increase physical memory or swap space
#   Check if swap backing store is full
#   Decrease Java heap size (-Xmx/-Xms)
#   Decrease number of Java threads
#   Decrease Java thread stack sizes (-Xss)
#   Set larger code cache with -XX:ReservedCodeCacheSize=
#   JVM is running with Unscaled Compressed Oops mode in which the Java heap is
#     placed in the first 4GB address space. The Java Heap base address is the
#     maximum limit for the native heap growth. Please use -XX:HeapBaseMinAddress
#     to set the Java Heap base and to place the Java Heap above 4GB virtual address.
# This output file may be truncated or incomplete.
#
#  Out of Memory Error (os_windows.cpp:3548), pid=14384, tid=15756
#
# JRE version:  (17.0.5+8) (build )
# Java VM: OpenJDK 64-Bit Server VM (17.0.5+8, mixed mode, sharing, tiered, compressed oops, compressed class ptrs, g1 gc, windows-amd64)
# No core dump will be written. Minidumps are not enabled by default on client versions of Windows
#

---------------  S U M M A R Y ------------

Command Line: -Dfile.encoding=UTF-8 -XX:+ShowCodeDetailsInExceptionMessages com.ust.buddy.TestEmp

Host: Intel(R) Core(TM) i5-3230M CPU @ 2.60GHz, 4 cores, 3G,  Windows 10 , 64 bit Build 19041 (10.0.19041.3636)
Time: Tue May  7 22:04:53 2024 India Standard Time elapsed time: 0.052590 seconds (0d 0h 0m 0s)

---------------  T H R E A D  ---------------

Current thread (0x000001522cf4d270):  JavaThread "Unknown thread" [_thread_in_vm, id=15756, stack(0x0000001c9de00000,0x0000001c9df00000)]

Stack: [0x0000001c9de00000,0x0000001c9df00000]
Native frames: (J=compiled Java code, j=interpreted, Vv=VM code, C=native code)
V  [jvm.dll+0x676b3a]
V  [jvm.dll+0x831444]
V  [jvm.dll+0x832bee]
V  [jvm.dll+0x833253]
V  [jvm.dll+0x244ce5]
V  [jvm.dll+0x673a49]
V  [jvm.dll+0x66811a]
V  [jvm.dll+0x303ceb]
V  [jvm.dll+0x30b1e6]
V  [jvm.dll+0x35adbe]
V  [jvm.dll+0x35afef]
V  [jvm.dll+0x2dab88]
V  [jvm.dll+0x2dbaf4]
V  [jvm.dll+0x803121]
V  [jvm.dll+0x368bb1]
V  [jvm.dll+0x7e265c]
V  [jvm.dll+0x3eb17f]
V  [jvm.dll+0x3eccc1]
C  [jli.dll+0x5267]
C  [ucrtbase.dll+0x21bb2]
C  [KERNEL32.DLL+0x17344]
C  [ntdll.dll+0x526b1]


---------------  P R O C E S S  ---------------

Threads class SMR info:
_java_thread_list=0x00007ffbf2ab2f18, length=0, elements={
}

Java Threads: ( => current thread )

Other Threads:
  0x000001522cf8a7e0 GCTaskThread "GC Thread#0" [stack: 0x0000001c9df00000,0x0000001c9e000000] [id=12256]
  0x000001522cf93ad0 ConcurrentGCThread "G1 Main Marker" [stack: 0x0000001c9e000000,0x0000001c9e100000] [id=5000]
  0x000001522cf943f0 ConcurrentGCThread "G1 Conc#0" [stack: 0x0000001c9e100000,0x0000001c9e200000] [id=16560]

[error occurred during error reporting (printing all threads), id 0xc0000005, EXCEPTION_ACCESS_VIOLATION (0xc0000005) at pc=0x00007ffbf228b617]

VM state: not at safepoint (not fully initialized)

VM Mutex/Monitor currently owned by a thread:  ([mutex/lock_event])
[0x000001522cf48260] Heap_lock - owner thread: 0x000001522cf4d270

Heap address: 0x00000000c1800000, size: 1000 MB, Compressed Oops mode: 32-bit

CDS archive(s) mapped at: [0x0000000000000000-0x0000000000000000-0x0000000000000000), size 0, SharedBaseAddress: 0x0000000800000000, ArchiveRelocationMode: 0.
Narrow klass base: 0x0000000000000000, Narrow klass shift: 0, Narrow klass range: 0x0

GC Precious Log:
<Empty>

Heap:
 garbage-first heap   total 0K, used 0K [0x00000000c1800000, 0x0000000100000000)
  region size 1024K, 0 young (0K), 0 survivors (0K)

[error occurred during error reporting (printing heap information), id 0xc0000005, EXCEPTION_ACCESS_VIOLATION (0xc0000005) at pc=0x00007ffbf266fcb9]

GC Heap History (0 events):
No events

Dll operation events (1 events):
Event: 0.034 Loaded shared library C:\Users\admin\.p2\pool\plugins\org.eclipse.justj.openjdk.hotspot.jre.full.win32.x86_64_17.0.5.v20221102-0933\jre\bin\java.dll

Deoptimization events (0 events):
No events

Classes unloaded (0 events):
No events

Classes redefined (0 events):
No events

Internal exceptions (0 events):
No events

VM Operations (0 events):
No events

Events (0 events):
No events


Dynamic libraries:
0x00007ff77bd60000 - 0x00007ff77bd6e000 	C:\Users\admin\.p2\pool\plugins\org.eclipse.justj.openjdk.hotspot.jre.full.win32.x86_64_17.0.5.v20221102-0933\jre\bin\javaw.exe
0x00007ffc24bb0000 - 0x00007ffc24da8000 	C:\Windows\SYSTEM32\ntdll.dll
0x00007ffc23e00000 - 0x00007ffc23ebd000 	C:\Windows\System32\KERNEL32.DLL
0x00007ffc22600000 - 0x00007ffc228f6000 	C:\Windows\System32\KERNELBASE.dll
0x00007ffc22260000 - 0x00007ffc22360000 	C:\Windows\System32\ucrtbase.dll
0x00007ffc19c80000 - 0x00007ffc19c99000 	C:\Users\admin\.p2\pool\plugins\org.eclipse.justj.openjdk.hotspot.jre.full.win32.x86_64_17.0.5.v20221102-0933\jre\bin\VCRUNTIME140.dll
0x00007ffc19b30000 - 0x00007ffc19b47000 	C:\Users\admin\.p2\pool\plugins\org.eclipse.justj.openjdk.hotspot.jre.full.win32.x86_64_17.0.5.v20221102-0933\jre\bin\jli.dll
0x00007ffc22cc0000 - 0x00007ffc22e5f000 	C:\Windows\System32\USER32.dll
0x00007ffc12750000 - 0x00007ffc129ea000 	C:\Windows\WinSxS\amd64_microsoft.windows.common-controls_6595b64144ccf1df_6.0.19041.3636_none_60b6a03d71f818d5\COMCTL32.dll
0x00007ffc22bb0000 - 0x00007ffc22bd2000 	C:\Windows\System32\win32u.dll
0x00007ffc247d0000 - 0x00007ffc2486e000 	C:\Windows\System32\msvcrt.dll
0x00007ffc23d10000 - 0x00007ffc23d3b000 	C:\Windows\System32\GDI32.dll
0x00007ffc22360000 - 0x00007ffc22477000 	C:\Windows\System32\gdi32full.dll
0x00007ffc22560000 - 0x00007ffc225fd000 	C:\Windows\System32\msvcp_win.dll
0x00007ffc24790000 - 0x00007ffc247c2000 	C:\Windows\System32\IMM32.DLL
0x00007ffc1d580000 - 0x00007ffc1d58c000 	C:\Users\admin\.p2\pool\plugins\org.eclipse.justj.openjdk.hotspot.jre.full.win32.x86_64_17.0.5.v20221102-0933\jre\bin\vcruntime140_1.dll
0x00007ffc06c10000 - 0x00007ffc06ca1000 	C:\Users\admin\.p2\pool\plugins\org.eclipse.justj.openjdk.hotspot.jre.full.win32.x86_64_17.0.5.v20221102-0933\jre\bin\msvcp140.dll
0x00007ffbf1fa0000 - 0x00007ffbf2be4000 	C:\Users\admin\.p2\pool\plugins\org.eclipse.justj.openjdk.hotspot.jre.full.win32.x86_64_17.0.5.v20221102-0933\jre\bin\server\jvm.dll
0x00007ffc23810000 - 0x00007ffc238c0000 	C:\Windows\System32\ADVAPI32.dll
0x00007ffc249a0000 - 0x00007ffc24a40000 	C:\Windows\System32\sechost.dll
0x00007ffc24870000 - 0x00007ffc24993000 	C:\Windows\System32\RPCRT4.dll
0x00007ffc22480000 - 0x00007ffc224a7000 	C:\Windows\System32\bcrypt.dll
0x00007ffc20f50000 - 0x00007ffc20f5a000 	C:\Windows\SYSTEM32\VERSION.dll
0x00007ffc0a5b0000 - 0x00007ffc0a5d7000 	C:\Windows\SYSTEM32\WINMM.dll
0x00007ffc0c3b0000 - 0x00007ffc0c3b9000 	C:\Windows\SYSTEM32\WSOCK32.dll
0x00007ffc23ec0000 - 0x00007ffc23f2b000 	C:\Windows\System32\WS2_32.dll
0x00007ffc20eb0000 - 0x00007ffc20ec2000 	C:\Windows\SYSTEM32\kernel.appcore.dll
0x00007ffc1cc10000 - 0x00007ffc1cc1a000 	C:\Users\admin\.p2\pool\plugins\org.eclipse.justj.openjdk.hotspot.jre.full.win32.x86_64_17.0.5.v20221102-0933\jre\bin\jimage.dll
0x00007ffc1aa30000 - 0x00007ffc1ac14000 	C:\Windows\SYSTEM32\DBGHELP.DLL
0x00007ffc1a9c0000 - 0x00007ffc1a9f4000 	C:\Windows\SYSTEM32\dbgcore.DLL
0x00007ffc22900000 - 0x00007ffc22982000 	C:\Windows\System32\bcryptPrimitives.dll
0x00007ffc19530000 - 0x00007ffc19555000 	C:\Users\admin\.p2\pool\plugins\org.eclipse.justj.openjdk.hotspot.jre.full.win32.x86_64_17.0.5.v20221102-0933\jre\bin\java.dll

dbghelp: loaded successfully - version: 4.0.5 - missing functions: none
symbol engine: initialized successfully - sym options: 0x614 - pdb path: .;C:\Users\admin\.p2\pool\plugins\org.eclipse.justj.openjdk.hotspot.jre.full.win32.x86_64_17.0.5.v20221102-0933\jre\bin;C:\Windows\SYSTEM32;C:\Windows\WinSxS\amd64_microsoft.windows.common-controls_6595b64144ccf1df_6.0.19041.3636_none_60b6a03d71f818d5;C:\Users\admin\.p2\pool\plugins\org.eclipse.justj.openjdk.hotspot.jre.full.win32.x86_64_17.0.5.v20221102-0933\jre\bin\server

VM Arguments:
jvm_args: -Dfile.encoding=UTF-8 -XX:+ShowCodeDetailsInExceptionMessages 
java_command: com.ust.buddy.TestEmp
java_class_path (initial): C:\UST\TCIL_Project\buddy\target\classes;C:\Users\admin\.p2\pool\plugins\junit-jupiter-api_5.9.0.jar;C:\Users\admin\.p2\pool\plugins\junit-jupiter-engine_5.9.0.jar;C:\Users\admin\.p2\pool\plugins\junit-jupiter-migrationsupport_5.9.0.jar;C:\Users\admin\.p2\pool\plugins\junit-jupiter-params_5.9.0.jar;C:\Users\admin\.p2\pool\plugins\junit-platform-commons_1.9.0.jar;C:\Users\admin\.p2\pool\plugins\junit-platform-engine_1.9.0.jar;C:\Users\admin\.p2\pool\plugins\junit-platform-launcher_1.9.0.jar;C:\Users\admin\.p2\pool\plugins\junit-platform-runner_1.9.0.jar;C:\Users\admin\.p2\pool\plugins\junit-platform-suite-api_1.9.0.jar;C:\Users\admin\.p2\pool\plugins\junit-platform-suite-engine_1.9.0.jar;C:\Users\admin\.p2\pool\plugins\junit-platform-suite-commons_1.9.0.jar;C:\Users\admin\.p2\pool\plugins\junit-vintage-engine_5.9.0.jar;C:\Users\admin\.p2\pool\plugins\org.opentest4j_1.2.0.jar;C:\Users\admin\.p2\pool\plugins\org.apiguardian.api_1.1.2.jar;C:\Users\admin\.p2\pool\plugins\org.junit_4.13.2.v20211018-1956.jar;C:\Users\admin\.p2\pool\plugins\org.hamcrest.core_1.3.0.v20180420-1519.jar;C:\Users\admin\.m2\repository\org\springframework\boot\spring-boot-starter-actuator\2.1.1.RELEASE\spring-boot-starter-actuator-2.1.1.RELEASE.jar;C:\Users\admin\.m2\repository\org\springframework\boot\spring-boot-starter\2.1.1.RELEASE\spring-boot-starter-2.1.1.RELEASE.jar;C:\Users\admin\.m2\repository\org\springframework\boot\spring-boot-starter-logging\2.1.1.RELEASE\spring-boot-starter-logging-2.1.1.RELEASE.jar;C:\Users\admin\.m2\repository\ch\qos\logback\logback-classic\1.2.3\logback-classic-1.2.3.jar;C:\Users\admin\.m2\repository\ch\qos\logback\logback-core\1.2.3\logback-core-1.2.3.jar;C:\Users\admin\.m2\repository\org\apache\logging\log4j\log4j-to-slf4j\2.11.1\log4j-to-slf4j-2.11.1.jar;C:\Users\admin\.m2\repository\org\apache\logging\log4j\log4j-api\2.11.1\log4j-api-2.11.1.jar;C:\Users\admin\.m2\repository\org\slf4j\jul-to-slf4j\1.7.25\jul-to-slf4j-1.7.25.jar;C:\U
Launcher Type: SUN_STANDARD

[Global flags]
     intx CICompilerCount                          = 3                                         {product} {ergonomic}
     uint ConcGCThreads                            = 1                                         {product} {ergonomic}
     uint G1ConcRefinementThreads                  = 4                                         {product} {ergonomic}
   size_t G1HeapRegionSize                         = 1048576                                   {product} {ergonomic}
    uintx GCDrainStackTargetSize                   = 64                                        {product} {ergonomic}
   size_t InitialHeapSize                          = 67108864                                  {product} {ergonomic}
   size_t MarkStackSize                            = 4194304                                   {product} {ergonomic}
   size_t MaxHeapSize                              = 1048576000                                {product} {ergonomic}
   size_t MinHeapDeltaBytes                        = 1048576                                   {product} {ergonomic}
   size_t MinHeapSize                              = 8388608                                   {product} {ergonomic}
    uintx NonNMethodCodeHeapSize                   = 5832780                                {pd product} {ergonomic}
    uintx NonProfiledCodeHeapSize                  = 122912730                              {pd product} {ergonomic}
    uintx ProfiledCodeHeapSize                     = 122912730                              {pd product} {ergonomic}
    uintx ReservedCodeCacheSize                    = 251658240                              {pd product} {ergonomic}
     bool SegmentedCodeCache                       = true                                      {product} {ergonomic}
     bool ShowCodeDetailsInExceptionMessages       = true                                   {manageable} {command line}
   size_t SoftMaxHeapSize                          = 1048576000                             {manageable} {ergonomic}
     bool UseCompressedClassPointers               = true                           {product lp64_product} {ergonomic}
     bool UseCompressedOops                        = true                           {product lp64_product} {ergonomic}
     bool UseG1GC                                  = true                                      {product} {ergonomic}
     bool UseLargePagesIndividualAllocation        = false                                  {pd product} {ergonomic}

Logging:
Log output configuration:
 #0: stdout all=warning uptime,level,tags
 #1: stderr all=off uptime,level,tags

Environment Variables:
PATH=C:/Users/admin/.p2/pool/plugins/org.eclipse.justj.openjdk.hotspot.jre.full.win32.x86_64_17.0.5.v20221102-0933/jre/bin/server;C:/Users/admin/.p2/pool/plugins/org.eclipse.justj.openjdk.hotspot.jre.full.win32.x86_64_17.0.5.v20221102-0933/jre/bin;C:\Program Files (x86)\Common Files\Oracle\Java\javapath;C:\oracle\product\10.2.0\db_1\bin;C:\Windows\system32;C:\Windows;C:\Windows\System32\Wbem;C:\Windows\System32\WindowsPowerShell\v1.0\;C:\Windows\System32\OpenSSH\;C:\Program Files\nodejs\;C:\Program Files\Git\cmd;C:\Program Files\dotnet\;C:\Program Files\MySQL\MySQL Shell 8.0\bin\;C:\Users\admin\AppData\Local\Microsoft\WindowsApps;;C:\Users\admin\AppData\Local\Programs\Microsoft VS Code\bin;C:\Users\admin\AppData\Roaming\npm;C:\Users\admin\Desktop;
USERNAME=admin
OS=Windows_NT
PROCESSOR_IDENTIFIER=Intel64 Family 6 Model 58 Stepping 9, GenuineIntel
TMP=C:\Users\admin\AppData\Local\Temp
TEMP=C:\Users\admin\AppData\Local\Temp



---------------  S Y S T E M  ---------------

OS:
 Windows 10 , 64 bit Build 19041 (10.0.19041.3636)
OS uptime: 26 days 22:14 hours

CPU: total 4 (initial active 4) (2 cores per cpu, 2 threads per core) family 6 model 58 stepping 9 microcode 0x21, cx8, cmov, fxsr, ht, mmx, sse, sse2, sse3, ssse3, sse4.1, sse4.2, popcnt, tsc, tscinvbit, avx, aes, erms, clmul, vzeroupper, clflush

Memory: 4k page, system-wide physical 3994M (183M free)
TotalPageFile size 16282M (AvailPageFile size 30M)
current process WorkingSet (physical memory assigned to process): 9M, peak: 9M
current process commit charge ("private bytes"): 51M, peak: 115M

vm_info: OpenJDK 64-Bit Server VM (17.0.5+8) for windows-amd64 JRE (17.0.5+8), built on Oct 19 2022 04:48:13 by "temurin" with MS VC++ 16.7 (VS2019)

END.
